Unity Editor version:    2020.3.20f1 (41c4e627c95f)
Branch:                  2020.3/staging
Build type:              Release
Batch mode:              YES
macOS version:           Version 12.6 (Build 21G115)
Darwin version:          21.6.0
Architecture:            x86_64
Running under Rosetta:   NO
Available memory:        32768 MB
Using pre-set license
Pro License: NO

COMMAND LINE ARGUMENTS:
/Applications/Unity/Hub/Editor/2020.3.20f1/Unity.app/Contents/MacOS/Unity
-adb2
-batchMode
-noUpm
-name
AssetImportWorker0
-projectPath
/Users/otlina/Desktop/Create with Code Lina/Personal Project
-logFile
Logs/AssetImportWorker0.log
-srvPort
54760
Successfully changed project path to: /Users/otlina/Desktop/Create with Code Lina/Personal Project
/Users/otlina/Desktop/Create with Code Lina/Personal Project
Using Asset Import Pipeline V2.
Refreshing native plugins compatible for Editor in 52.16 ms, found 2 plugins.
Preloading 0 native plugins for Editor in 0.00 ms.
Initialize engine version: 2020.3.20f1 (41c4e627c95f)
[Subsystems] Discovering subsystems at path /Applications/Unity/Hub/Editor/2020.3.20f1/Unity.app/Contents/Resources/UnitySubsystems
[Subsystems] Discovering subsystems at path /Users/otlina/Desktop/Create with Code Lina/Personal Project/Assets
GfxDevice: creating device client; threaded=0
2022-12-05 22:50:07.627 Unity[62247:22309658] Color LCD preferred device: AMD Radeon Pro 5300M (high power)
2022-12-05 22:50:07.627 Unity[62247:22309658] Metal devices available: 2
2022-12-05 22:50:07.627 Unity[62247:22309658] 0: AMD Radeon Pro 5300M (high power)
2022-12-05 22:50:07.627 Unity[62247:22309658] 1: Intel(R) UHD Graphics 630 (low power)
2022-12-05 22:50:07.628 Unity[62247:22309658] Using device AMD Radeon Pro 5300M (high power)
Initializing Metal device caps: AMD Radeon Pro 5300M
Initialize mono
Mono path[0] = '/Applications/Unity/Hub/Editor/2020.3.20f1/Unity.app/Contents/Managed'
Mono path[1] = '/Applications/Unity/Hub/Editor/2020.3.20f1/Unity.app/Contents/MonoBleedingEdge/lib/mono/unityjit'
Mono config path = '/Applications/Unity/Hub/Editor/2020.3.20f1/Unity.app/Contents/MonoBleedingEdge/etc'
Using monoOptions --debugger-agent=transport=dt_socket,embedding=1,server=y,suspend=n,address=127.0.0.1:56247
Begin MonoManager ReloadAssembly
Registering precompiled unity dll's ...
Register platform support module: /Applications/Unity/Hub/Editor/2020.3.20f1/PlaybackEngines/WebGLSupport/UnityEditor.WebGL.Extensions.dll
Register platform support module: /Applications/Unity/Hub/Editor/2020.3.20f1/Unity.app/Contents/PlaybackEngines/MacStandaloneSupport/UnityEditor.OSXStandalone.Extensions.dll
Register platform support module: /Applications/Unity/Hub/Editor/2020.3.20f1/PlaybackEngines/LuminSupport/UnityEditor.Lumin.Extensions.dll
Registered in 0.005504 seconds.
Native extension for Lumin target not found
Native extension for OSXStandalone target not found
Native extension for WebGL target not found
Refreshing native plugins compatible for Editor in 32.45 ms, found 2 plugins.
Preloading 0 native plugins for Editor in 0.00 ms.
Mono: successfully reloaded assembly
- Completed reload, in  2.889 seconds
Domain Reload Profiling:
	ReloadAssembly (2889ms)
		BeginReloadAssembly (54ms)
			ExecutionOrderSort (0ms)
			DisableScriptedObjects (0ms)
			BackupInstance (0ms)
			ReleaseScriptingObjects (0ms)
			CreateAndSetChildDomain (1ms)
		EndReloadAssembly (497ms)
			LoadAssemblies (57ms)
			RebuildTransferFunctionScriptingTraits (0ms)
			SetupTypeCache (189ms)
			ReleaseScriptCaches (0ms)
			RebuildScriptCaches (37ms)
			SetupLoadedEditorAssemblies (216ms)
				LogAssemblyErrors (0ms)
				InitializePlatformSupportModulesInManaged (4ms)
				SetLoadedEditorAssemblies (0ms)
				RefreshPlugins (32ms)
				BeforeProcessingInitializeOnLoad (32ms)
				ProcessInitializeOnLoadAttributes (110ms)
				ProcessInitializeOnLoadMethodAttributes (37ms)
				AfterProcessingInitializeOnLoad (0ms)
				EditorAssembliesLoaded (0ms)
			ExecutionOrderSort2 (0ms)
			AwakeInstancesAfterBackupRestoration (0ms)
Platform modules already initialized, skipping
Registering precompiled user dll's ...
Registered in 0.006950 seconds.
Begin MonoManager ReloadAssembly
Native extension for Lumin target not found
Native extension for OSXStandalone target not found
Native extension for WebGL target not found
Refreshing native plugins compatible for Editor in 0.33 ms, found 2 plugins.
Preloading 0 native plugins for Editor in 0.00 ms.
Mono: successfully reloaded assembly
- Completed reload, in  1.061 seconds
Domain Reload Profiling:
	ReloadAssembly (1062ms)
		BeginReloadAssembly (150ms)
			ExecutionOrderSort (0ms)
			DisableScriptedObjects (5ms)
			BackupInstance (0ms)
			ReleaseScriptingObjects (0ms)
			CreateAndSetChildDomain (24ms)
		EndReloadAssembly (851ms)
			LoadAssemblies (92ms)
			RebuildTransferFunctionScriptingTraits (0ms)
			SetupTypeCache (318ms)
			ReleaseScriptCaches (0ms)
			RebuildScriptCaches (50ms)
			SetupLoadedEditorAssemblies (285ms)
				LogAssemblyErrors (0ms)
				InitializePlatformSupportModulesInManaged (6ms)
				SetLoadedEditorAssemblies (0ms)
				RefreshPlugins (0ms)
				BeforeProcessingInitializeOnLoad (66ms)
				ProcessInitializeOnLoadAttributes (208ms)
				ProcessInitializeOnLoadMethodAttributes (4ms)
				AfterProcessingInitializeOnLoad (1ms)
				EditorAssembliesLoaded (0ms)
			ExecutionOrderSort2 (0ms)
			AwakeInstancesAfterBackupRestoration (7ms)
Platform modules already initialized, skipping
Validating Project structure ... 0.014038 seconds.
Shader import version has changed; will reimport all shaders...
Upgrading shader files ...0.035954 seconds.
Application.AssetDatabase Initial Script Refresh Start
RefreshInfo: InitialScriptRefreshV2(NoUpdateAssetOptions) scanfilter:  ... 1 filters
RefreshProfiler: Total: 0.000ms
Application.AssetDatabase Initial Script Refresh End
Application.AssetDatabase.Refresh Start
Application.AssetDatabase.Refresh End
RefreshInfo: StopAssetImportingV2(ForceSynchronousImport) scanfilter: 
RefreshProfiler: Total: 0.000ms
Launching external process: /Applications/Unity/Hub/Editor/2020.3.20f1/Unity.app/Contents/Tools/UnityShaderCompiler
Launched and connected shader compiler UnityShaderCompiler after 0.02 seconds
Initializing Unity extensions:
2022-12-05 22:50:14.983 Unity[62247:22309658] NSEventModifierFlagFunction specified to -setKeyEquivalentModifierMask: for item <NSMenuItem: 0x600003670cb0 Font Asset, ke='Command-F12'>, but is only supported for system-provided menu items; will not be used
2022-12-05 22:50:14.988 Unity[62247:22309658] NSEventModifierFlagFunction specified to -setKeyEquivalentModifierMask: for item <NSMenuItem: 0x600003641e30 Font Asset, ke='Command-F12'>, but is only supported for system-provided menu items; will not be used
========================================================================
Worker process is ready to serve import requests
Refreshing native plugins compatible for Editor in 0.40 ms, found 2 plugins.
Preloading 0 native plugins for Editor in 0.00 ms.
Unloading 1464 Unused Serialized files (Serialized files now loaded: 0)
System memory in use before: 172.2 MB.
System memory in use after: 171.3 MB.

Unloading 105 unused Assets to reduce memory usage. Loaded Objects now: 1945.
Total: 3.916667 ms (FindLiveObjects: 0.203456 ms CreateObjectMapping: 0.060594 ms MarkObjects: 3.008367 ms  DeleteObjects: 0.643034 ms)

AssetImportParameters requested are different than current active one (requested -> active):
  custom:video-decoder-ogg-theora: a1e56fd34408186e4bbccfd4996cb3dc -> 
  custom:container-muxer-webm: aa71ff27fc2769a1b78a27578f13a17b -> 
  custom:container-demuxer-webm: 4f35f7cbe854078d1ac9338744f61a02 -> 
  custom:container-demuxer-ogg: 62fdf1f143b41e24485cea50d1cbac27 -> 
  custom:video-encoder-webm-vp8: eb34c28f22e8b96e1ab97ce403110664 -> 
  custom:framework-osx-AVFoundation: e770b220cccbd017edd2c1fefb359320 -> 
  custom:video-decoder-webm-vp8: 9c59270c3fd7afecdb556c50c9e8de78 -> 
  custom:audio-decoder-ogg-vorbis: bf7c407c2cedff20999df2af8eb42d56 -> 
  custom:audio-encoder-webm-vorbis: bf7c407c2cedff20999df2af8eb42d56 -> 
========================================================================
Received Import Request.
  path: Assets/ExplosiveLLC/RPG Character Mecanim Animation Pack FREE/Animation Controller/RPG-Character-Animation-Controller.controller
  artifactKey: Guid(4dfe7abacd67e914b95e05bff86330b9) Importer(815301076,1909f56bfc062723c751e8b465ee728b)
Start importing Assets/ExplosiveLLC/RPG Character Mecanim Animation Pack FREE/Animation Controller/RPG-Character-Animation-Controller.controller using Guid(4dfe7abacd67e914b95e05bff86330b9) Importer(815301076,1909f56bfc062723c751e8b465ee728b)  -> (artifact id: 'cac6b26227a1ec67394f8c871c8bee99') in 1.586905 seconds 
  Import took 1.598504 seconds .

========================================================================
Received Import Request.
  Time since last request: 24.113196 seconds.
  path: Assets/ExplosiveLLC/Demo Elements/Prefabs/Target.prefab
  artifactKey: Guid(3a555105d974c19488b7be673891a5d4) Importer(815301076,1909f56bfc062723c751e8b465ee728b)
Start importing Assets/ExplosiveLLC/Demo Elements/Prefabs/Target.prefab using Guid(3a555105d974c19488b7be673891a5d4) Importer(815301076,1909f56bfc062723c751e8b465ee728b)  -> (artifact id: '37c1182eb48b80af7a02646d0ffc8394') in 0.549597 seconds 
  Import took 0.555944 seconds .

========================================================================
Received Import Request.
  Time since last request: 26.754484 seconds.
  path: Assets/ExplosiveLLC
  artifactKey: Guid(45704b665b5dd4f8ba75dd279018ce49) Importer(815301076,1909f56bfc062723c751e8b465ee728b)
Start importing Assets/ExplosiveLLC using Guid(45704b665b5dd4f8ba75dd279018ce49) Importer(815301076,1909f56bfc062723c751e8b465ee728b)  -> (artifact id: '2f66c5a2e717e2a873e378936521e917') in 0.001850 seconds 
  Import took 0.005920 seconds .

========================================================================
Received Import Request.
  Time since last request: 0.605213 seconds.
  path: Assets/Course Library/Vehicles
  artifactKey: Guid(23df7d9cc7f03e942ac5f2a15b56cffa) Importer(815301076,1909f56bfc062723c751e8b465ee728b)
Start importing Assets/Course Library/Vehicles using Guid(23df7d9cc7f03e942ac5f2a15b56cffa) Importer(815301076,1909f56bfc062723c751e8b465ee728b)  -> (artifact id: '809d6082874a1180d3a27811d62705b1') in 0.002018 seconds 
  Import took 0.005188 seconds .

========================================================================
Received Import Request.
  Time since last request: 33.088217 seconds.
  path: Assets/Course Library/Vehicles/Cars
  artifactKey: Guid(5d5de64478a0d4483b0793020b5d3f9f) Importer(815301076,1909f56bfc062723c751e8b465ee728b)
Start importing Assets/Course Library/Vehicles/Cars using Guid(5d5de64478a0d4483b0793020b5d3f9f) Importer(815301076,1909f56bfc062723c751e8b465ee728b)  -> (artifact id: '72fe2ead9b40f1cb404ef44fbc1d19a6') in 0.001717 seconds 
  Import took 0.005129 seconds .

